<?xml version="1.0" encoding="UTF-8"?>
<testng-results ignored="0" total="2" passed="2" failed="0" skipped="0">
  <reporter-output>
  </reporter-output>
  <suite started-at="2026-04-30T13:17:38 IST" name="Surefire suite" finished-at="2026-04-30T13:17:39 IST" duration-ms="213">
    <groups>
    </groups>
    <test started-at="2026-04-30T13:17:38 IST" name="Surefire test" finished-at="2026-04-30T13:17:39 IST" duration-ms="213">
      <class name="Sample.createcontactTest">
        <test-method signature="CreateContact()[pri:0, instance:Sample.createcontactTest@2f177a4b]" started-at="2026-04-30T13:17:39 IST" name="CreateContact" finished-at="2026-04-30T13:17:39 IST" duration-ms="16" status="PASS">
          <reporter-output>
          </reporter-output>
        </test-method> <!-- CreateContact -->
        <test-method signature="CreateContactwithDtae()[pri:0, instance:Sample.createcontactTest@2f177a4b]" started-at="2026-04-30T13:17:39 IST" name="CreateContactwithDtae" finished-at="2026-04-30T13:17:39 IST" duration-ms="3" status="PASS">
          <reporter-output>
          </reporter-output>
        </test-method> <!-- CreateContactwithDtae -->
      </class> <!-- Sample.createcontactTest -->
    </test> <!-- Surefire test -->
  </suite> <!-- Surefire suite -->
</testng-results>
